<?xml version="1.0" encoding="UTF-8"?>
<!-- Generated by org.testng.reporters.JUnitReportReporter -->
<testsuite skipped="1" hostname="AmudhavanVRa" name="com.maven.Maven.Amazon_TestNG_Script" tests="3" failures="0" timestamp="2023-01-20T11:47:44 IST" time="9.640" errors="0">
  <testcase name="UserInput" time="2.202" classname="com.maven.Maven.Amazon_TestNG_Script"/>
  <system-out/>
  <testcase name="UserClickProduct" time="7.438" classname="com.maven.Maven.Amazon_TestNG_Script"/>
  <system-out/>
  <testcase name="dropDown" classname="com.maven.Maven.Amazon_TestNG_Script">
    <skipped/>
  </testcase> <!-- dropDown -->
  <system-out/>
</testsuite> <!-- com.maven.Maven.Amazon_TestNG_Script -->
