<?xml version="1.0" encoding="UTF-8"?>
<!-- Generated by org.testng.reporters.JUnitReportReporter -->
<testsuite skipped="1" hostname="AmudhavanVRa" name="com.testNg.Amazon" tests="3" failures="0" timestamp="2023-01-20T11:43:48 IST" time="7.284" errors="0">
  <testcase name="UserClickProduct" time="5.061" classname="com.testNg.Amazon"/>
  <system-out/>
  <testcase name="UserInput" time="2.223" classname="com.testNg.Amazon"/>
  <system-out/>
  <testcase name="dropDown" classname="com.testNg.Amazon">
    <skipped/>
  </testcase> <!-- dropDown -->
  <system-out/>
</testsuite> <!-- com.testNg.Amazon -->
